<?xml version="1.0" encoding="utf-8"?><testsuites name="pytest tests"><testsuite name="pytest" errors="0" failures="0" skipped="0" tests="9" time="1.351" timestamp="2026-07-11T09:06:01.820868+00:00" hostname="agent-env-d538f02d-9613-4471-8ae4-d90be91f1bf6"><testcase classname="tests.backend_test" name="test_domain_packs" time="0.279" /><testcase classname="tests.backend_test" name="test_sessions_list" time="0.139" /><testcase classname="tests.backend_test" name="test_session_detail" time="0.072" /><testcase classname="tests.backend_test" name="test_session_404" time="0.038" /><testcase classname="tests.backend_test" name="test_sign_clips" time="0.071" /><testcase classname="tests.backend_test" name="test_reverse_known" time="0.032" /><testcase classname="tests.backend_test" name="test_reverse_unknown_drops_articles" time="0.076" /><testcase classname="tests.backend_test" name="test_reverse_fingerspell_flag" time="0.072" /><testcase classname="tests.backend_test" name="test_practice_lessons" time="0.030" /></testsuite></testsuites>